<?xml version="1.0" encoding="UTF-8"?>
<!-- Generated by org.testng.reporters.JUnitReportReporter -->
<testsuite hostname="lapdell-0021" failures="0" tests="2" name="com.ptc.hibernate.tests.NewTest" time="0.564" errors="0" timestamp="2021-06-07T00:12:46 ICT" skipped="0">
  <testcase classname="com.ptc.hibernate.tests.NewTest" name="test_fetch_a_student_from_sinh_vien_table_success" time="0.111"/>
  <system-out/>
  <testcase classname="com.ptc.hibernate.tests.NewTest" name="test_add_a_student_to_sinh_vien_table_success" time="0.453"/>
  <system-out/>
</testsuite> <!-- com.ptc.hibernate.tests.NewTest -->
